<?xml version="1.0" encoding="UTF-8"?>
<coverage generated="1610188238342" clover="3.2.0">
  <project timestamp="1610188238342" name="All files">
    <metrics statements="20" coveredstatements="18" conditionals="7" coveredconditionals="5" methods="7" coveredmethods="7" elements="34" coveredelements="30" complexity="0" loc="20" ncloc="20" packages="2" files="3" classes="3"/>
    <package name="src.components">
      <metrics statements="19" coveredstatements="17" conditionals="7" coveredconditionals="5" methods="7" coveredmethods="7"/>
      <file name="BottomNavBar.vue" path="/Users/lueddy/Workspace/budgets_app/src/components/BottomNavBar.vue">
        <metrics statements="17" coveredstatements="15" conditionals="7" coveredconditionals="5" methods="4" coveredmethods="4"/>
        <line num="50" count="8" type="stmt"/>
        <line num="54" count="9" type="stmt"/>
        <line num="57" count="9" type="stmt"/>
        <line num="58" count="9" type="stmt"/>
        <line num="60" count="5" type="stmt"/>
        <line num="61" count="5" type="stmt"/>
        <line num="63" count="1" type="stmt"/>
        <line num="64" count="1" type="stmt"/>
        <line num="66" count="1" type="stmt"/>
        <line num="67" count="1" type="stmt"/>
        <line num="69" count="2" type="stmt"/>
        <line num="70" count="2" type="stmt"/>
        <line num="72" count="0" type="stmt"/>
        <line num="73" count="0" type="stmt"/>
        <line num="75" count="9" type="stmt"/>
        <line num="81" count="2" type="stmt"/>
        <line num="84" count="4" type="cond" truecount="1" falsecount="1"/>
      </file>
      <file name="Expenses.vue" path="/Users/lueddy/Workspace/budgets_app/src/components/Expenses.vue">
        <metrics statements="2" coveredstatements="2" conditionals="0" coveredconditionals="0" methods="3" coveredmethods="3"/>
        <line num="56" count="3" type="stmt"/>
        <line num="62" count="1" type="stmt"/>
      </file>
    </package>
    <package name="tests">
      <metrics statements="1" coveredstatements="1" conditionals="0" coveredconditionals="0" methods="0" coveredmethods="0"/>
      <file name="setupTestInstance.js" path="/Users/lueddy/Workspace/budgets_app/tests/setupTestInstance.js">
        <metrics statements="1" coveredstatements="1" conditionals="0" coveredconditionals="0" methods="0" coveredmethods="0"/>
        <line num="4" count="2" type="stmt"/>
      </file>
    </package>
  </project>
</coverage>
