<?xml version="1.0" encoding="UTF-8"?>
<coverage generated="1609174314715" clover="3.2.0">
  <project timestamp="1609174314715" name="All files">
    <metrics statements="5" coveredstatements="5" conditionals="2" coveredconditionals="1" methods="3" coveredmethods="3" elements="10" coveredelements="9" complexity="0" loc="5" ncloc="5" packages="2" files="2" classes="2"/>
    <package name="src.components">
      <metrics statements="4" coveredstatements="4" conditionals="2" coveredconditionals="1" methods="3" coveredmethods="3"/>
      <file name="BottomNavBar.vue" path="/Users/lueddy/Workspace/budgets_app/src/components/BottomNavBar.vue">
        <metrics statements="4" coveredstatements="4" conditionals="2" coveredconditionals="1" methods="3" coveredmethods="3"/>
        <line num="46" count="5" type="stmt"/>
        <line num="51" count="5" type="stmt"/>
        <line num="55" count="1" type="stmt"/>
        <line num="58" count="2" type="cond" truecount="1" falsecount="1"/>
      </file>
    </package>
    <package name="tests">
      <metrics statements="1" coveredstatements="1" conditionals="0" coveredconditionals="0" methods="0" coveredmethods="0"/>
      <file name="setupTestInstance.js" path="/Users/lueddy/Workspace/budgets_app/tests/setupTestInstance.js">
        <metrics statements="1" coveredstatements="1" conditionals="0" coveredconditionals="0" methods="0" coveredmethods="0"/>
        <line num="4" count="1" type="stmt"/>
      </file>
    </package>
  </project>
</coverage>
