{"/Users/lueddy/Workspace/budgets_app/src/components/BottomNavBar.vue": {"path":"/Users/lueddy/Workspace/budgets_app/src/components/BottomNavBar.vue","statementMap":{"0":{"start":{"line":50,"column":0},"end":{"line":50,"column":null}},"1":{"start":{"line":54,"column":0},"end":{"line":54,"column":null}},"2":{"start":{"line":57,"column":0},"end":{"line":57,"column":null}},"3":{"start":{"line":58,"column":0},"end":{"line":58,"column":null}},"4":{"start":{"line":60,"column":0},"end":{"line":60,"column":null}},"5":{"start":{"line":61,"column":0},"end":{"line":61,"column":null}},"6":{"start":{"line":63,"column":0},"end":{"line":63,"column":null}},"7":{"start":{"line":64,"column":0},"end":{"line":64,"column":null}},"8":{"start":{"line":66,"column":0},"end":{"line":66,"column":null}},"9":{"start":{"line":67,"column":0},"end":{"line":67,"column":null}},"10":{"start":{"line":69,"column":0},"end":{"line":69,"column":null}},"11":{"start":{"line":70,"column":0},"end":{"line":70,"column":null}},"12":{"start":{"line":72,"column":0},"end":{"line":72,"column":null}},"13":{"start":{"line":73,"column":0},"end":{"line":73,"column":null}},"14":{"start":{"line":75,"column":0},"end":{"line":75,"column":null}},"15":{"start":{"line":81,"column":0},"end":{"line":81,"column":null}},"16":{"start":{"line":84,"column":0},"end":{"line":84,"column":null}}},"fnMap":{"0":{"name":"(anonymous_1)","decl":{"start":{"line":49,"column":0},"end":{"line":49,"column":null}},"loc":{"start":{"line":49,"column":0},"end":{"line":51,"column":null}}},"1":{"name":"(anonymous_2)","decl":{"start":{"line":53,"column":0},"end":{"line":53,"column":null}},"loc":{"start":{"line":53,"column":0},"end":{"line":55,"column":null}}},"2":{"name":"(anonymous_3)","decl":{"start":{"line":56,"column":0},"end":{"line":56,"column":null}},"loc":{"start":{"line":56,"column":0},"end":{"line":76,"column":null}}},"3":{"name":"(anonymous_4)","decl":{"start":{"line":79,"column":0},"end":{"line":79,"column":null}},"loc":{"start":{"line":79,"column":0},"end":{"line":85,"column":null}}}},"branchMap":{"0":{"loc":{"start":{"line":59,"column":0},"end":{"line":61,"column":null}},"type":"switch","locations":[{"start":{"line":59,"column":0},"end":{"line":61,"column":null}},{"start":{"line":62,"column":0},"end":{"line":64,"column":null}},{"start":{"line":65,"column":0},"end":{"line":67,"column":null}},{"start":{"line":68,"column":0},"end":{"line":70,"column":null}},{"start":{"line":71,"column":0},"end":{"line":73,"column":null}}]},"1":{"loc":{"start":{"line":84,"column":0},"end":{"line":84,"column":null}},"type":"if","locations":[{"start":{"line":84,"column":0},"end":{"line":84,"column":null}},{"start":{"line":84,"column":0},"end":{"line":84,"column":null}}]}},"s":{"0":8,"1":9,"2":9,"3":9,"4":5,"5":5,"6":1,"7":1,"8":1,"9":1,"10":2,"11":2,"12":0,"13":0,"14":9,"15":2,"16":4},"f":{"0":8,"1":9,"2":9,"3":2},"b":{"0":[5,1,1,2,0],"1":[2,0]}}
,"/Users/lueddy/Workspace/budgets_app/tests/setupTestInstance.js": {"path":"/Users/lueddy/Workspace/budgets_app/tests/setupTestInstance.js","statementMap":{"0":{"start":{"line":4,"column":0},"end":{"line":4,"column":17}}},"fnMap":{},"branchMap":{},"s":{"0":1},"f":{},"b":{},"_coverageSchema":"43e27e138ebf9cfc5966b082cf9a028302ed4184","hash":"f9201bd2b86a7cd6f69264c0e87087968483f4ed"}
}
