TN:
SF:/Users/lueddy/Workspace/budgets_app/src/components/BottomNavBar.vue
FN:49,(anonymous_1)
FN:53,(anonymous_2)
FN:56,(anonymous_3)
FN:79,(anonymous_4)
FNF:4
FNH:4
FNDA:8,(anonymous_1)
FNDA:9,(anonymous_2)
FNDA:9,(anonymous_3)
FNDA:2,(anonymous_4)
DA:50,8
DA:54,9
DA:57,9
DA:58,9
DA:60,5
DA:61,5
DA:63,1
DA:64,1
DA:66,1
DA:67,1
DA:69,2
DA:70,2
DA:72,0
DA:73,0
DA:75,9
DA:81,2
DA:84,4
LF:17
LH:15
BRDA:59,0,0,5
BRDA:59,0,1,1
BRDA:59,0,2,1
BRDA:59,0,3,2
BRDA:59,0,4,0
BRDA:84,1,0,2
BRDA:84,1,1,0
BRF:7
BRH:5
end_of_record
TN:
SF:/Users/lueddy/Workspace/budgets_app/src/components/Expenses.vue
FN:55,(anonymous_1)
FN:59,(anonymous_2)
FN:61,(anonymous_3)
FNF:3
FNH:3
FNDA:3,(anonymous_1)
FNDA:3,(anonymous_2)
FNDA:1,(anonymous_3)
DA:56,3
DA:62,1
LF:2
LH:2
BRF:0
BRH:0
end_of_record
TN:
SF:/Users/lueddy/Workspace/budgets_app/tests/setupTestInstance.js
FNF:0
FNH:0
DA:4,2
LF:1
LH:1
BRF:0
BRH:0
end_of_record
