TN:
SF:/Users/lueddy/Workspace/budgets_app/src/components/BottomNavBar.vue
FN:49,(anonymous_1)
FN:53,(anonymous_2)
FN:56,(anonymous_3)
FN:79,(anonymous_4)
FNF:4
FNH:4
FNDA:7,(anonymous_1)
FNDA:8,(anonymous_2)
FNDA:8,(anonymous_3)
FNDA:1,(anonymous_4)
DA:50,7
DA:54,8
DA:57,8
DA:58,8
DA:60,4
DA:61,4
DA:63,1
DA:64,1
DA:66,1
DA:67,1
DA:69,2
DA:70,2
DA:72,0
DA:73,0
DA:75,8
DA:81,2
LF:16
LH:14
BRDA:59,0,0,4
BRDA:59,0,1,1
BRDA:59,0,2,1
BRDA:59,0,3,2
BRDA:59,0,4,0
BRDA:81,1,0,1
BRDA:81,1,1,0
BRF:7
BRH:5
end_of_record
TN:
SF:/Users/lueddy/Workspace/budgets_app/tests/setupTestInstance.js
FNF:0
FNH:0
DA:4,1
LF:1
LH:1
BRF:0
BRH:0
end_of_record
